<?xml version="1.0" encoding="UTF-8" ?>
<testsuite failures="0" time="0.101" errors="1" skipped="0" tests="1" name="com.sds.metac.input.reader.poller.InputReadConifgTest">
  <properties>
[...]
</properties>
  <testcase time="0.101" classname="com.sds.metac.input.reader.poller.InputReadConifgTest" name="test">
    <error message="!!! IOException - hasNextStandard()" type="com.sds.metac.exception.MetaCException">com.sds.metac.exception.MetaCException: !!! IOException - hasNextStandard()
	at com.sds.metac.input.reader.poller.InputReadConifgTest.test(InputReadConifgTest.java:87)
	at sun.reflect.NativeMethodAccessorImpl.invoke0(Native Method)
	at sun.reflect.NativeMethodAccessorImpl.invoke(NativeMethodAccessorImpl.java:57)
	at sun.reflect.DelegatingMethodAccessorImpl.invoke(DelegatingMethodAccessorImpl.java:43)
	at java.lang.reflect.Method.invoke(Method.java:606)
	at org.junit.runners.model.FrameworkMethod$1.runReflectiveCall(FrameworkMethod.java:44)
	at org.junit.internal.runners.model.ReflectiveCallable.run(ReflectiveCallable.java:15)
	at org.junit.runners.model.FrameworkMethod.invokeExplosively(FrameworkMethod.java:41)
	at org.junit.internal.runners.statements.InvokeMethod.evaluate(InvokeMethod.java:20)
	at org.junit.runners.BlockJUnit4ClassRunner.runChild(BlockJUnit4ClassRunner.java:76)
	at org.junit.runners.BlockJUnit4ClassRunner.runChild(BlockJUnit4ClassRunner.java:50)
	at org.junit.runners.ParentRunner$3.run(ParentRunner.java:193)
	at org.junit.runners.ParentRunner$1.schedule(ParentRunner.java:52)
	at org.junit.runners.ParentRunner.runChildren(ParentRunner.java:191)
	at org.junit.runners.ParentRunner.access$000(ParentRunner.java:42)
	at org.junit.runners.ParentRunner$2.evaluate(ParentRunner.java:184)
	at org.junit.runners.ParentRunner.run(ParentRunner.java:236)
	at org.apache.maven.surefire.junit4.JUnit4Provider.execute(JUnit4Provider.java:252)
	at org.apache.maven.surefire.junit4.JUnit4Provider.executeTestSet(JUnit4Provider.java:141)
	at org.apache.maven.surefire.junit4.JUnit4Provider.invoke(JUnit4Provider.java:112)
	at sun.reflect.NativeMethodAccessorImpl.invoke0(Native Method)
	at sun.reflect.NativeMethodAccessorImpl.invoke(NativeMethodAccessorImpl.java:57)
	at sun.reflect.DelegatingMethodAccessorImpl.invoke(DelegatingMethodAccessorImpl.java:43)
	at java.lang.reflect.Method.invoke(Method.java:606)
	at org.apache.maven.surefire.util.ReflectionUtils.invokeMethodWithArray(ReflectionUtils.java:189)
	at org.apache.maven.surefire.booter.ProviderFactory$ProviderProxy.invoke(ProviderFactory.java:165)
	at org.apache.maven.surefire.booter.ProviderFactory.invokeProvider(ProviderFactory.java:85)
	at org.apache.maven.surefire.booter.ForkedBooter.runSuitesInProcess(ForkedBooter.java:115)
	at org.apache.maven.surefire.booter.ForkedBooter.main(ForkedBooter.java:75)
</error>
    <system-out>DEBUG   2014-09-06 15:00:56,844 [main] com.sds.metac.input.reader.poller.InputReadConifgTest  - AFI|AFI
DEBUG   2014-09-06 15:00:56,846 [main] com.sds.metac.input.reader.poller.InputReadConifgTest  - 메세�?MESSAGE
DEBUG   2014-09-06 15:00:56,846 [main] com.sds.metac.input.reader.poller.InputReadConifgTest  - 
DEBUG   2014-09-06 15:00:56,846 [main] com.sds.metac.input.reader.poller.InputReadConifgTest  - 
DEBUG   2014-09-06 15:00:56,846 [main] com.sds.metac.input.reader.poller.InputReadConifgTest  - ??��|TYPE
DEBUG   2014-09-06 15:00:56,846 [main] com.sds.metac.input.reader.poller.InputReadConifgTest  - ?�의|DEFINE
DEBUG   2014-09-06 15:00:56,847 [main] com.sds.metac.input.reader.poller.InputReadConifgTest  - ?�함|NOT
DEBUG   2014-09-06 15:00:56,847 [main] com.sds.metac.input.reader.poller.InputReadConifgTest  - �?NOT
DEBUG   2014-09-06 15:00:56,847 [main] com.sds.metac.input.reader.poller.InputReadConifgTest  - 고정|FIXED
DEBUG   2014-09-06 15:00:56,847 [main] com.sds.metac.input.reader.poller.InputReadConifgTest  - JSON|JSON
DEBUG   2014-09-06 15:00:56,847 [main] com.sds.metac.input.reader.poller.InputReadConifgTest  - XML|XML
DEBUG   2014-09-06 15:00:56,847 [main] com.sds.metac.input.reader.poller.InputReadConifgTest  - VO|VO
DEBUG   2014-09-06 15:00:56,847 [main] com.sds.metac.input.reader.poller.InputReadConifgTest  - SOAP|SOAP
DEBUG   2014-09-06 15:00:56,848 [main] com.sds.metac.input.reader.poller.InputReadConifgTest  - ??KEY
DEBUG   2014-09-06 15:00:56,848 [main] com.sds.metac.input.reader.poller.InputReadConifgTest  - �?VALUE
DEBUG   2014-09-06 15:00:56,848 [main] com.sds.metac.input.reader.poller.InputReadConifgTest  - ISO|ISO
DEBUG   2014-09-06 15:00:56,848 [main] com.sds.metac.input.reader.poller.InputReadConifgTest  - ?��?|EXCEL
DEBUG   2014-09-06 15:00:56,848 [main] com.sds.metac.input.reader.poller.InputReadConifgTest  - �?MAP
DEBUG   2014-09-06 15:00:56,848 [main] com.sds.metac.input.reader.poller.InputReadConifgTest  - ?�터?�이??INTERFACE
DEBUG   2014-09-06 15:00:56,848 [main] com.sds.metac.input.reader.poller.InputReadConifgTest  - ?�턴|PATTERN
</system-out>
    <system-err>java.io.IOException: Stream closed
	at java.io.BufferedReader.ensureOpen(BufferedReader.java:115)
	at java.io.BufferedReader.readLine(BufferedReader.java:310)
	at java.io.BufferedReader.readLine(BufferedReader.java:382)
	at com.sds.metac.input.reader.poller.InputReadConifgTest.test(InputReadConifgTest.java:61)
	at sun.reflect.NativeMethodAccessorImpl.invoke0(Native Method)
	at sun.reflect.NativeMethodAccessorImpl.invoke(NativeMethodAccessorImpl.java:57)
	at sun.reflect.DelegatingMethodAccessorImpl.invoke(DelegatingMethodAccessorImpl.java:43)
	at java.lang.reflect.Method.invoke(Method.java:606)
	at org.junit.runners.model.FrameworkMethod$1.runReflectiveCall(FrameworkMethod.java:44)
	at org.junit.internal.runners.model.ReflectiveCallable.run(ReflectiveCallable.java:15)
	at org.junit.runners.model.FrameworkMethod.invokeExplosively(FrameworkMethod.java:41)
	at org.junit.internal.runners.statements.InvokeMethod.evaluate(InvokeMethod.java:20)
	at org.junit.runners.BlockJUnit4ClassRunner.runChild(BlockJUnit4ClassRunner.java:76)
	at org.junit.runners.BlockJUnit4ClassRunner.runChild(BlockJUnit4ClassRunner.java:50)
	at org.junit.runners.ParentRunner$3.run(ParentRunner.java:193)
	at org.junit.runners.ParentRunner$1.schedule(ParentRunner.java:52)
	at org.junit.runners.ParentRunner.runChildren(ParentRunner.java:191)
	at org.junit.runners.ParentRunner.access$000(ParentRunner.java:42)
	at org.junit.runners.ParentRunner$2.evaluate(ParentRunner.java:184)
	at org.junit.runners.ParentRunner.run(ParentRunner.java:236)
	at org.apache.maven.surefire.junit4.JUnit4Provider.execute(JUnit4Provider.java:252)
	at org.apache.maven.surefire.junit4.JUnit4Provider.executeTestSet(JUnit4Provider.java:141)
	at org.apache.maven.surefire.junit4.JUnit4Provider.invoke(JUnit4Provider.java:112)
	at sun.reflect.NativeMethodAccessorImpl.invoke0(Native Method)
	at sun.reflect.NativeMethodAccessorImpl.invoke(NativeMethodAccessorImpl.java:57)
	at sun.reflect.DelegatingMethodAccessorImpl.invoke(DelegatingMethodAccessorImpl.java:43)
	at java.lang.reflect.Method.invoke(Method.java:606)
	at org.apache.maven.surefire.util.ReflectionUtils.invokeMethodWithArray(ReflectionUtils.java:189)
	at org.apache.maven.surefire.booter.ProviderFactory$ProviderProxy.invoke(ProviderFactory.java:165)
	at org.apache.maven.surefire.booter.ProviderFactory.invokeProvider(ProviderFactory.java:85)
	at org.apache.maven.surefire.booter.ForkedBooter.runSuitesInProcess(ForkedBooter.java:115)
	at org.apache.maven.surefire.booter.ForkedBooter.main(ForkedBooter.java:75)
</system-err>
  </testcase>
</testsuite>